<?xml version="1.0" encoding="UTF-8"?>
<!-- Generated by org.testng.reporters.JUnitReportReporter -->
<testsuite hostname="LAPTOP-2PCDKALS" failures="0" tests="3" name="TestNG.TestNg5" time="0.000" errors="0" timestamp="2025-07-10T23:08:48 IST" skipped="1">
  <testcase classname="TestNG.TestNg5" name="c" time="0.000"/>
  <testcase classname="TestNG.TestNg5" name="a" time="0.000"/>
  <testcase classname="TestNG.TestNg5" name="b">
    <skipped/>
  </testcase> <!-- b -->
</testsuite> <!-- TestNG.TestNg5 -->
