<?xml version="1.0" encoding="UTF-8"?>
<!-- Generated by org.testng.reporters.JUnitReportReporter -->
<testsuite hostname="LAPTOP-2PCDKALS" failures="0" tests="3" name="TestNG.TestNg2" time="0.003" errors="0" timestamp="2025-07-10T23:08:48 IST" skipped="0">
  <testcase classname="TestNG.TestNg2" name="z" time="0.001"/>
  <testcase classname="TestNG.TestNg2" name="ab" time="0.001"/>
  <testcase classname="TestNG.TestNg2" name="a3" time="0.001"/>
</testsuite> <!-- TestNG.TestNg2 -->
