<?xml version="1.0" encoding="UTF-8"?>
<!-- Generated by org.testng.reporters.JUnitReportReporter -->
<testsuite hostname="LAPTOP-2PCDKALS" failures="0" tests="5" name="TestNG.TestNg7" time="0.004" errors="0" timestamp="2025-07-10T23:08:48 IST" skipped="0">
  <testcase classname="TestNG.TestNg7" name="c" time="0.001"/>
  <testcase classname="TestNG.TestNg7" name="b" time="0.001"/>
  <testcase classname="TestNG.TestNg7" name="a" time="0.001"/>
  <testcase classname="TestNG.TestNg7" name="e" time="0.000"/>
  <testcase classname="TestNG.TestNg7" name="d" time="0.001"/>
</testsuite> <!-- TestNG.TestNg7 -->
