<?xml version="1.0" encoding="UTF-8"?>
<!-- Generated by org.testng.reporters.JUnitReportReporter -->
<testsuite hostname="LAPTOP-2PCDKALS" failures="0" tests="3" name="TestNG.TestNg8" time="18.752" errors="0" timestamp="2025-07-10T23:08:48 IST" skipped="0">
  <testcase classname="TestNG.TestNg8" name="enterData" time="6.284"/>
  <testcase classname="TestNG.TestNg8" name="enterData" time="6.260"/>
  <testcase classname="TestNG.TestNg8" name="enterData" time="6.208"/>
</testsuite> <!-- TestNG.TestNg8 -->
