<?xml version="1.0" encoding="UTF-8"?>
<!-- Generated by org.testng.reporters.JUnitReportReporter -->
<testsuite hostname="LAPTOP-2PCDKALS" failures="0" tests="4" name="TestNG.TestNg3" time="0.004" errors="0" timestamp="2025-07-10T23:08:48 IST" skipped="0">
  <testcase classname="TestNG.TestNg3" name="a1" time="0.001"/>
  <testcase classname="TestNG.TestNg3" name="a3" time="0.001"/>
  <testcase classname="TestNG.TestNg3" name="a4" time="0.001"/>
  <testcase classname="TestNG.TestNg3" name="a2" time="0.001"/>
</testsuite> <!-- TestNG.TestNg3 -->
