<?xml version="1.0" encoding="UTF-8"?>
<!-- Generated by org.testng.reporters.JUnitReportReporter -->
<testsuite hostname="LAPTOP-2PCDKALS" failures="0" tests="2" name="TestNG.TestNg4" time="0.006" errors="0" timestamp="2025-07-10T23:09:28 IST" skipped="2">
  <testcase classname="TestNG.TestNg4" name="f" time="0.006">
    <skipped/>
  </testcase> <!-- f -->
  <testcase classname="TestNG.TestNg4" name="b">
    <skipped/>
  </testcase> <!-- b -->
</testsuite> <!-- TestNG.TestNg4 -->
