<?xml version="1.0" encoding="UTF-8"?>
<!-- Generated by org.testng.reporters.JUnitReportReporter -->
<testsuite hostname="LAPTOP-2PCDKALS" failures="0" tests="3" name="TestNG.TestNg1" time="0.011" errors="0" timestamp="2025-07-10T23:08:48 IST" skipped="0">
  <testcase classname="TestNG.TestNg1" name="A1" time="0.007"/>
  <testcase classname="TestNG.TestNg1" name="a2" time="0.003"/>
  <testcase classname="TestNG.TestNg1" name="a1" time="0.001"/>
</testsuite> <!-- TestNG.TestNg1 -->
